
> shadow-creator-os-phase-1@1.0.0 operator:start
> node operator/server.js

[N8N Client] Using n8n at: http://localhost:5678 (PRODUCTION)
[N8N Client] Webhook registry loaded successfully
node:events:486
      throw er; // Unhandled 'error' event
      ^

Error: listen EADDRINUSE: address already in use :::5050
    at Server.setupListenHandle [as _listen2] (node:net:1948:16)
    at listenInCluster (node:net:2005:12)
    at Server.listen (node:net:2110:7)
    at app.listen (C:\ShadowEmpire-Git\node_modules\express\lib\application.js:635:24)
    at Object.<anonymous> (C:\ShadowEmpire-Git\operator\server.js:24:5)
    at Module._compile (node:internal/modules/cjs/loader:1812:14)
    at Object..js (node:internal/modules/cjs/loader:1943:10)
    at Module.load (node:internal/modules/cjs/loader:1533:32)
    at Module._load (node:internal/modules/cjs/loader:1335:12)
    at wrapModuleLoad (node:internal/modules/cjs/loader:255:19)
Emitted 'error' event on Server instance at:
    at emitErrorNT (node:net:1984:8)
    at process.processTicksAndRejections (node:internal/process/task_queues:90:21) {
  code: 'EADDRINUSE',
  errno: -4091,
  syscall: 'listen',
  address: '::',
  port: 5050
}

Node.js v24.14.1
